2023-06-06T12:10:42.733+03:00  INFO 13010 --- [main] r.z.s.S.SecondSecurityAppApplication     : Starting SecondSecurityAppApplication using Java 18.0.1.1 with PID 13010 (/Users/ilyazenchenko/IdeaProjects/SpringCourse/SecondSecurityApp/target/classes started by ilyazenchenko in /Users/ilyazenchenko/IdeaProjects/SpringCourse/SecondSecurityApp)
2023-06-06T12:10:42.738+03:00  INFO 13010 --- [main] r.z.s.S.SecondSecurityAppApplication     : No active profile set, falling back to 1 default profile: "default"
2023-06-06T12:10:43.446+03:00  INFO 13010 --- [main] .s.d.r.c.RepositoryConfigurationDelegate : Bootstrapping Spring Data JPA repositories in DEFAULT mode.
2023-06-06T12:10:43.506+03:00  INFO 13010 --- [main] .s.d.r.c.RepositoryConfigurationDelegate : Finished Spring Data repository scanning in 50 ms. Found 1 JPA repository interfaces.
2023-06-06T12:10:44.093+03:00  INFO 13010 --- [main] o.s.b.w.embedded.tomcat.TomcatWebServer  : Tomcat initialized with port(s): 8080 (http)
2023-06-06T12:10:44.103+03:00  INFO 13010 --- [main] o.apache.catalina.core.StandardService   : Starting service [Tomcat]
2023-06-06T12:10:44.104+03:00  INFO 13010 --- [main] o.apache.catalina.core.StandardEngine    : Starting Servlet engine: [Apache Tomcat/10.1.8]
2023-06-06T12:10:44.183+03:00  INFO 13010 --- [main] o.a.c.c.C.[Tomcat].[localhost].[/]       : Initializing Spring embedded WebApplicationContext
2023-06-06T12:10:44.184+03:00  INFO 13010 --- [main] w.s.c.ServletWebServerApplicationContext : Root WebApplicationContext: initialization completed in 1392 ms
2023-06-06T12:10:44.339+03:00  INFO 13010 --- [main] com.zaxxer.hikari.HikariDataSource       : HikariPool-1 - Starting...
2023-06-06T12:10:44.500+03:00  INFO 13010 --- [main] com.zaxxer.hikari.pool.HikariPool        : HikariPool-1 - Added connection org.postgresql.jdbc.PgConnection@67e0ff3a
2023-06-06T12:10:44.501+03:00  INFO 13010 --- [main] com.zaxxer.hikari.HikariDataSource       : HikariPool-1 - Start completed.
2023-06-06T12:10:44.549+03:00  INFO 13010 --- [main] o.hibernate.jpa.internal.util.LogHelper  : HHH000204: Processing PersistenceUnitInfo [name: default]
2023-06-06T12:10:44.602+03:00  INFO 13010 --- [main] org.hibernate.Version                    : HHH000412: Hibernate ORM core version 6.1.7.Final
2023-06-06T12:10:44.923+03:00  INFO 13010 --- [main] SQL dialect                              : HHH000400: Using dialect: org.hibernate.dialect.PostgreSQLDialect
2023-06-06T12:10:45.627+03:00  INFO 13010 --- [main] o.h.e.t.j.p.i.JtaPlatformInitiator       : HHH000490: Using JtaPlatform implementation: [org.hibernate.engine.transaction.jta.platform.internal.NoJtaPlatform]
2023-06-06T12:10:45.637+03:00  INFO 13010 --- [main] j.LocalContainerEntityManagerFactoryBean : Initialized JPA EntityManagerFactory for persistence unit 'default'
2023-06-06T12:10:46.015+03:00  WARN 13010 --- [main] JpaBaseConfiguration$JpaWebConfiguration : spring.jpa.open-in-view is enabled by default. Therefore, database queries may be performed during view rendering. Explicitly configure spring.jpa.open-in-view to disable this warning
2023-06-06T12:10:46.348+03:00  INFO 13010 --- [main] o.s.s.web.DefaultSecurityFilterChain     : Will secure any request with [org.springframework.security.web.session.DisableEncodeUrlFilter@265c0752, org.springframework.security.web.context.request.async.WebAsyncManagerIntegrationFilter@7d4b32d1, org.springframework.security.web.context.SecurityContextHolderFilter@34c6b52e, org.springframework.security.web.header.HeaderWriterFilter@25a2f432, org.springframework.security.web.csrf.CsrfFilter@27605b87, org.springframework.security.web.authentication.logout.LogoutFilter@2f3c7b24, org.springframework.security.web.authentication.UsernamePasswordAuthenticationFilter@29d29657, org.springframework.security.web.savedrequest.RequestCacheAwareFilter@25e203e6, org.springframework.security.web.servletapi.SecurityContextHolderAwareRequestFilter@8b1bfdf, org.springframework.security.web.authentication.AnonymousAuthenticationFilter@7a75183d, org.springframework.security.web.access.ExceptionTranslationFilter@2352c21f, org.springframework.security.web.access.intercept.AuthorizationFilter@7dfab58d]
2023-06-06T12:10:46.655+03:00  INFO 13010 --- [main] o.s.b.w.embedded.tomcat.TomcatWebServer  : Tomcat started on port(s): 8080 (http) with context path ''
2023-06-06T12:10:46.664+03:00  INFO 13010 --- [main] r.z.s.S.SecondSecurityAppApplication     : Started SecondSecurityAppApplication in 4.376 seconds (process running for 5.081)
2023-06-06T12:11:01.643+03:00  INFO 13010 --- [SpringApplicationShutdownHook] j.LocalContainerEntityManagerFactoryBean : Closing JPA EntityManagerFactory for persistence unit 'default'
2023-06-06T12:11:01.646+03:00  INFO 13010 --- [SpringApplicationShutdownHook] com.zaxxer.hikari.HikariDataSource       : HikariPool-1 - Shutdown initiated...
2023-06-06T12:11:01.648+03:00  INFO 13010 --- [SpringApplicationShutdownHook] com.zaxxer.hikari.HikariDataSource       : HikariPool-1 - Shutdown completed.
2023-06-06T12:11:04.398+03:00  INFO 13053 --- [main] r.z.s.S.SecondSecurityAppApplication     : Starting SecondSecurityAppApplication using Java 18.0.1.1 with PID 13053 (/Users/ilyazenchenko/IdeaProjects/SpringCourse/SecondSecurityApp/target/classes started by ilyazenchenko in /Users/ilyazenchenko/IdeaProjects/SpringCourse/SecondSecurityApp)
2023-06-06T12:11:04.402+03:00  INFO 13053 --- [main] r.z.s.S.SecondSecurityAppApplication     : No active profile set, falling back to 1 default profile: "default"
2023-06-06T12:11:05.095+03:00  INFO 13053 --- [main] .s.d.r.c.RepositoryConfigurationDelegate : Bootstrapping Spring Data JPA repositories in DEFAULT mode.
2023-06-06T12:11:05.156+03:00  INFO 13053 --- [main] .s.d.r.c.RepositoryConfigurationDelegate : Finished Spring Data repository scanning in 51 ms. Found 1 JPA repository interfaces.
2023-06-06T12:11:05.749+03:00  INFO 13053 --- [main] o.s.b.w.embedded.tomcat.TomcatWebServer  : Tomcat initialized with port(s): 8080 (http)
2023-06-06T12:11:05.759+03:00  INFO 13053 --- [main] o.apache.catalina.core.StandardService   : Starting service [Tomcat]
2023-06-06T12:11:05.759+03:00  INFO 13053 --- [main] o.apache.catalina.core.StandardEngine    : Starting Servlet engine: [Apache Tomcat/10.1.8]
2023-06-06T12:11:05.840+03:00  INFO 13053 --- [main] o.a.c.c.C.[Tomcat].[localhost].[/]       : Initializing Spring embedded WebApplicationContext
2023-06-06T12:11:05.840+03:00  INFO 13053 --- [main] w.s.c.ServletWebServerApplicationContext : Root WebApplicationContext: initialization completed in 1381 ms
2023-06-06T12:11:05.992+03:00  INFO 13053 --- [main] com.zaxxer.hikari.HikariDataSource       : HikariPool-1 - Starting...
2023-06-06T12:11:06.141+03:00  INFO 13053 --- [main] com.zaxxer.hikari.pool.HikariPool        : HikariPool-1 - Added connection org.postgresql.jdbc.PgConnection@52c9d3d0
2023-06-06T12:11:06.142+03:00  INFO 13053 --- [main] com.zaxxer.hikari.HikariDataSource       : HikariPool-1 - Start completed.
2023-06-06T12:11:06.190+03:00  INFO 13053 --- [main] o.hibernate.jpa.internal.util.LogHelper  : HHH000204: Processing PersistenceUnitInfo [name: default]
2023-06-06T12:11:06.242+03:00  INFO 13053 --- [main] org.hibernate.Version                    : HHH000412: Hibernate ORM core version 6.1.7.Final
2023-06-06T12:11:06.554+03:00  INFO 13053 --- [main] SQL dialect                              : HHH000400: Using dialect: org.hibernate.dialect.PostgreSQLDialect
2023-06-06T12:11:07.258+03:00  INFO 13053 --- [main] o.h.e.t.j.p.i.JtaPlatformInitiator       : HHH000490: Using JtaPlatform implementation: [org.hibernate.engine.transaction.jta.platform.internal.NoJtaPlatform]
2023-06-06T12:11:07.267+03:00  INFO 13053 --- [main] j.LocalContainerEntityManagerFactoryBean : Initialized JPA EntityManagerFactory for persistence unit 'default'
2023-06-06T12:11:07.638+03:00  WARN 13053 --- [main] JpaBaseConfiguration$JpaWebConfiguration : spring.jpa.open-in-view is enabled by default. Therefore, database queries may be performed during view rendering. Explicitly configure spring.jpa.open-in-view to disable this warning
2023-06-06T12:11:07.966+03:00  INFO 13053 --- [main] o.s.s.web.DefaultSecurityFilterChain     : Will secure any request with [org.springframework.security.web.session.DisableEncodeUrlFilter@7efba9b9, org.springframework.security.web.context.request.async.WebAsyncManagerIntegrationFilter@4b8cde43, org.springframework.security.web.context.SecurityContextHolderFilter@7fff419d, org.springframework.security.web.header.HeaderWriterFilter@4d3a7f83, org.springframework.security.web.csrf.CsrfFilter@1756a471, org.springframework.security.web.authentication.logout.LogoutFilter@4700963e, org.springframework.security.web.authentication.UsernamePasswordAuthenticationFilter@7aef8000, org.springframework.security.web.savedrequest.RequestCacheAwareFilter@542754be, org.springframework.security.web.servletapi.SecurityContextHolderAwareRequestFilter@af57949, org.springframework.security.web.authentication.AnonymousAuthenticationFilter@34c6b52e, org.springframework.security.web.access.ExceptionTranslationFilter@5d515e2c, org.springframework.security.web.access.intercept.AuthorizationFilter@511a307e]
2023-06-06T12:11:08.270+03:00  INFO 13053 --- [main] o.s.b.w.embedded.tomcat.TomcatWebServer  : Tomcat started on port(s): 8080 (http) with context path ''
2023-06-06T12:11:08.279+03:00  INFO 13053 --- [main] r.z.s.S.SecondSecurityAppApplication     : Started SecondSecurityAppApplication in 4.367 seconds (process running for 4.979)
2023-06-06T12:11:14.504+03:00  INFO 13053 --- [SpringApplicationShutdownHook] j.LocalContainerEntityManagerFactoryBean : Closing JPA EntityManagerFactory for persistence unit 'default'
2023-06-06T12:11:14.507+03:00  INFO 13053 --- [SpringApplicationShutdownHook] com.zaxxer.hikari.HikariDataSource       : HikariPool-1 - Shutdown initiated...
2023-06-06T12:11:14.509+03:00  INFO 13053 --- [SpringApplicationShutdownHook] com.zaxxer.hikari.HikariDataSource       : HikariPool-1 - Shutdown completed.
2023-06-06T12:11:19.975+03:00  INFO 13088 --- [main] r.z.s.S.SecondSecurityAppApplication     : Starting SecondSecurityAppApplication using Java 18.0.1.1 with PID 13088 (/Users/ilyazenchenko/IdeaProjects/SpringCourse/SecondSecurityApp/target/classes started by ilyazenchenko in /Users/ilyazenchenko/IdeaProjects/SpringCourse/SecondSecurityApp)
2023-06-06T12:11:19.977+03:00  INFO 13088 --- [main] r.z.s.S.SecondSecurityAppApplication     : No active profile set, falling back to 1 default profile: "default"
2023-06-06T12:11:20.677+03:00  INFO 13088 --- [main] .s.d.r.c.RepositoryConfigurationDelegate : Bootstrapping Spring Data JPA repositories in DEFAULT mode.
2023-06-06T12:11:20.739+03:00  INFO 13088 --- [main] .s.d.r.c.RepositoryConfigurationDelegate : Finished Spring Data repository scanning in 51 ms. Found 1 JPA repository interfaces.
2023-06-06T12:11:21.334+03:00  INFO 13088 --- [main] o.s.b.w.embedded.tomcat.TomcatWebServer  : Tomcat initialized with port(s): 8080 (http)
2023-06-06T12:11:21.344+03:00  INFO 13088 --- [main] o.apache.catalina.core.StandardService   : Starting service [Tomcat]
2023-06-06T12:11:21.344+03:00  INFO 13088 --- [main] o.apache.catalina.core.StandardEngine    : Starting Servlet engine: [Apache Tomcat/10.1.8]
2023-06-06T12:11:21.426+03:00  INFO 13088 --- [main] o.a.c.c.C.[Tomcat].[localhost].[/]       : Initializing Spring embedded WebApplicationContext
2023-06-06T12:11:21.427+03:00  INFO 13088 --- [main] w.s.c.ServletWebServerApplicationContext : Root WebApplicationContext: initialization completed in 1405 ms
2023-06-06T12:11:21.579+03:00  INFO 13088 --- [main] com.zaxxer.hikari.HikariDataSource       : HikariPool-1 - Starting...
2023-06-06T12:11:21.731+03:00  INFO 13088 --- [main] com.zaxxer.hikari.pool.HikariPool        : HikariPool-1 - Added connection org.postgresql.jdbc.PgConnection@40d52be7
2023-06-06T12:11:21.732+03:00  INFO 13088 --- [main] com.zaxxer.hikari.HikariDataSource       : HikariPool-1 - Start completed.
2023-06-06T12:11:21.782+03:00  INFO 13088 --- [main] o.hibernate.jpa.internal.util.LogHelper  : HHH000204: Processing PersistenceUnitInfo [name: default]
2023-06-06T12:11:21.835+03:00  INFO 13088 --- [main] org.hibernate.Version                    : HHH000412: Hibernate ORM core version 6.1.7.Final
2023-06-06T12:11:22.165+03:00  INFO 13088 --- [main] SQL dialect                              : HHH000400: Using dialect: org.hibernate.dialect.PostgreSQLDialect
2023-06-06T12:11:22.889+03:00  INFO 13088 --- [main] o.h.e.t.j.p.i.JtaPlatformInitiator       : HHH000490: Using JtaPlatform implementation: [org.hibernate.engine.transaction.jta.platform.internal.NoJtaPlatform]
2023-06-06T12:11:22.900+03:00  INFO 13088 --- [main] j.LocalContainerEntityManagerFactoryBean : Initialized JPA EntityManagerFactory for persistence unit 'default'
2023-06-06T12:11:23.271+03:00  WARN 13088 --- [main] JpaBaseConfiguration$JpaWebConfiguration : spring.jpa.open-in-view is enabled by default. Therefore, database queries may be performed during view rendering. Explicitly configure spring.jpa.open-in-view to disable this warning
2023-06-06T12:11:23.601+03:00  INFO 13088 --- [main] o.s.s.web.DefaultSecurityFilterChain     : Will secure any request with [org.springframework.security.web.session.DisableEncodeUrlFilter@23cb8fcb, org.springframework.security.web.context.request.async.WebAsyncManagerIntegrationFilter@25a2f432, org.springframework.security.web.context.SecurityContextHolderFilter@3ea1729e, org.springframework.security.web.header.HeaderWriterFilter@5d515e2c, org.springframework.security.web.csrf.CsrfFilter@44ec4a38, org.springframework.security.web.authentication.logout.LogoutFilter@42fd8f2f, org.springframework.security.web.authentication.UsernamePasswordAuthenticationFilter@2fe38b73, org.springframework.security.web.savedrequest.RequestCacheAwareFilter@7fff419d, org.springframework.security.web.servletapi.SecurityContextHolderAwareRequestFilter@6127ef86, org.springframework.security.web.authentication.AnonymousAuthenticationFilter@7efba9b9, org.springframework.security.web.access.ExceptionTranslationFilter@2ad6895a, org.springframework.security.web.access.intercept.AuthorizationFilter@2fd8b081]
2023-06-06T12:11:23.911+03:00  INFO 13088 --- [main] o.s.b.w.embedded.tomcat.TomcatWebServer  : Tomcat started on port(s): 8080 (http) with context path ''
2023-06-06T12:11:23.920+03:00  INFO 13088 --- [main] r.z.s.S.SecondSecurityAppApplication     : Started SecondSecurityAppApplication in 4.357 seconds (process running for 4.956)
2023-06-06T12:11:35.613+03:00  INFO 13088 --- [http-nio-8080-exec-1] o.a.c.c.C.[Tomcat].[localhost].[/]       : Initializing Spring DispatcherServlet 'dispatcherServlet'
2023-06-06T12:11:35.614+03:00  INFO 13088 --- [http-nio-8080-exec-1] o.s.web.servlet.DispatcherServlet        : Initializing Servlet 'dispatcherServlet'
2023-06-06T12:11:35.615+03:00  INFO 13088 --- [http-nio-8080-exec-1] o.s.web.servlet.DispatcherServlet        : Completed initialization in 1 ms
2023-06-06T12:11:46.620+03:00  INFO 13088 --- [http-nio-8080-exec-2] r.z.s.S.Service.PeopleService            : finding by username
2023-06-06T12:11:46.777+03:00  INFO 13088 --- [http-nio-8080-exec-2] r.z.s.S.Service.RegistrationService      : register person
2023-06-06T12:11:52.044+03:00  INFO 13088 --- [http-nio-8080-exec-4] r.z.s.S.Service.PersonDetailsService     : loading user details by username
2023-06-06T12:12:04.995+03:00  INFO 13088 --- [SpringApplicationShutdownHook] j.LocalContainerEntityManagerFactoryBean : Closing JPA EntityManagerFactory for persistence unit 'default'
2023-06-06T12:12:04.998+03:00  INFO 13088 --- [SpringApplicationShutdownHook] com.zaxxer.hikari.HikariDataSource       : HikariPool-1 - Shutdown initiated...
2023-06-06T12:12:05.000+03:00  INFO 13088 --- [SpringApplicationShutdownHook] com.zaxxer.hikari.HikariDataSource       : HikariPool-1 - Shutdown completed.
